<?xml version="1.0" encoding="UTF-8"?>
<testng-results skipped="0" failed="0" ignored="0" total="0" passed="0">
  <reporter-output>
  </reporter-output>
  <suite name="com.fauzaan.hibernate.test.TestOpeningConnectionHibernate" duration-ms="9" started-at="2021-07-08T05:43:40 ICT" finished-at="2021-07-08T05:43:40 ICT">
    <groups>
    </groups>
    <test name="Command line test" duration-ms="9" started-at="2021-07-08T05:43:40 ICT" finished-at="2021-07-08T05:43:40 ICT">
    </test> <!-- Command line test -->
  </suite> <!-- com.fauzaan.hibernate.test.TestOpeningConnectionHibernate -->
</testng-results>
